  9

  0 /  6
  0 / 17 10 12  0  9  9 14 11 10  8  0 13 10  9  0 11
  1 /  4  9  3 14  8 10 13  9  4  2 14 15  5  0
  1 / 18 16 15
  1 / 11 12  7  2 15  9 13 16
  1 /  5  4
  2 / 17 12  5 11 19 17  1 14 13 14 10 10 18  7 17  5
  3 / 14 13 10 11  5 14 10 17 14 13 15 15  8  6
  0 /  9
  1 / 16  2
  2 /  7  1 12
  4 / 11 10  3  8  4  8  5  4 10 17  5 19 19  3  8  0 10 17  7
  1 /  3  1 16
  3 / 19 12  2  6 13  5  0  4  0
  2 / 14 12 19
  5 /  1  9 19  9 11 11 17  6  3  8  3  7  3  6  7  4  6  3  5
  6 / 17  7  6 19 18 16  6  9 16  8 12 17 11 12  0 14  4  6
  7 /  4  6  1 13 19 13 11  5  6 15 17 18 17  8 14
  2 / 12  9 14  5  1 17 10 16  8 15
  8 /  7 16  4  8  9  2  7  7  1  5 10 10  6  4  3  1  4  2

  0 /  6 17 10 12  0  9  9 14 11 10  8  0 13 10  9  0 11
  1 /  4  9  3 14  8 10 13  9  4  2 14 15  5  0 18 16 11 12  7  1
  2 / 17 12  5 11 19 17  1 14 13 14 10 10 18  7 17  5  9 16  8 15
  3 / 14 13 10 11  5 14 10 17 14 13 15 15  8  6 19 12  2  0  4  0
  4 / 11 10  3  8  4  8  5  4 10 17  5 19 19  3  8  0 10 17  7
  5 /  1  9 19  9 11 11 17  6  3  8  3  7  3  6  7  4  6  3  5
  6 / 17  7  6 19 18 16  6  9 16  8 12 17 11 12  0 14  4  6
  7 /  4  6  1 13 19 13 11  5  6 15 17 18 17  8 14
  8 /  7 16  4  8  9  2  7  7  1  5 10 10  6  4  3  1  4  2
